
-----
Test: test_buy_product.py::test_buy_product1 (call)
Start time: 2023-02-01 17:12:31.567026
Start name method: authorization

End time: 2023-02-01 17:12:33.596285
End name method: authorization
URL: https://www.saucedemo.com/inventory.html

-----

-----
Test: test_buy_product.py::test_buy_product1 (call)
Start time: 2023-02-01 17:12:33.596285
Start name method: select_product_to_cart

End time: 2023-02-01 17:12:34.096369
End name method: select_product_to_cart
URL: https://www.saucedemo.com/cart.html

-----

-----
Test: test_buy_product.py::test_buy_product1 (call)
Start time: 2023-02-01 17:12:34.096369
Start name method: checkount_from_cart

End time: 2023-02-01 17:12:34.367328
End name method: checkount_from_cart
URL: https://www.saucedemo.com/checkout-step-one.html

-----

-----
Test: test_buy_product.py::test_buy_product1 (call)
Start time: 2023-02-01 17:12:34.368342
Start name method: fill_user_infomation

End time: 2023-02-01 17:12:34.740448
End name method: fill_user_infomation
URL: https://www.saucedemo.com/checkout-step-two.html

-----

-----
Test: test_buy_product.py::test_buy_product1 (call)
Start time: 2023-02-01 17:12:34.741448
Start name method: finish_buy_product

End time: 2023-02-01 17:12:34.992762
End name method: finish_buy_product
URL: https://www.saucedemo.com/checkout-complete.html

-----
